<?xml version="1.0" encoding="UTF-8"?>
<!-- Generated by org.testng.reporters.JUnitReportReporter -->
<testsuite hostname="RANI" failures="0" tests="4" name="testcases.LoginTestCases" time="1.606" errors="0" timestamp="2023-04-03T17:32:44 IST" skipped="0">
  <testcase classname="testcases.LoginTestCases" name="verifyUser" time="0.233"/>
  <system-out/>
  <testcase classname="testcases.LoginTestCases" name="verifyUser" time="0.201"/>
  <system-out/>
  <testcase classname="testcases.LoginTestCases" name="verifyUser" time="0.952"/>
  <system-out/>
  <testcase classname="testcases.LoginTestCases" name="verifyUser" time="0.220"/>
  <system-out/>
</testsuite> <!-- testcases.LoginTestCases -->
