<?xml version="1.0" encoding="UTF-8"?>
<!-- Generated by org.testng.reporters.JUnitReportReporter -->
<testsuite hostname="RANI" failures="0" tests="1" name="testcases.SelectProductTestCase" time="0.436" errors="0" timestamp="2023-04-03T17:32:44 IST" skipped="0">
  <testcase classname="testcases.SelectProductTestCase" name="SelectProduct" time="0.436"/>
  <system-out/>
</testsuite> <!-- testcases.SelectProductTestCase -->
