<?xml version="1.0" encoding="UTF-8"?>
<!-- Generated by org.testng.reporters.JUnitReportReporter -->
<testsuite hostname="RANI" failures="0" tests="1" name="testcases.YourCartTestCases" time="0.498" errors="0" timestamp="2023-04-03T17:32:44 IST" skipped="0">
  <testcase classname="testcases.YourCartTestCases" name="YourCart" time="0.498"/>
  <system-out/>
</testsuite> <!-- testcases.YourCartTestCases -->
