<?xml version="1.0" encoding="UTF-8"?>
<!-- Generated by org.testng.reporters.JUnitReportReporter -->
<testsuite hostname="RANI" failures="0" tests="1" name="testcases.SelectProductByNameTestCase" time="0.497" errors="0" timestamp="2023-03-29T16:27:14 IST" skipped="0">
  <testcase classname="testcases.SelectProductByNameTestCase" name="SelectProductByName" time="0.497"/>
  <system-out/>
</testsuite> <!-- testcases.SelectProductByNameTestCase -->
