<?xml version="1.0" encoding="UTF-8"?>
<!-- Generated by org.testng.reporters.JUnitReportReporter -->
<testsuite hostname="RANI" failures="0" tests="1" name="testcases.AddressAndContinueTestCases" time="0.884" errors="0" timestamp="2023-04-03T17:32:44 IST" skipped="0">
  <testcase classname="testcases.AddressAndContinueTestCases" name="AddressAndContinue" time="0.884"/>
  <system-out/>
</testsuite> <!-- testcases.AddressAndContinueTestCases -->
