<?xml version="1.0" encoding="UTF-8"?>
<!-- Generated by org.testng.reporters.JUnitReportReporter -->
<testsuite hostname="RANI" failures="0" tests="3" name="testcase.SearchTestCase" time="0.008" errors="0" timestamp="2023-03-12T15:03:51 IST" skipped="1">
  <testcase classname="testcase.SearchTestCase" name="searchByImage" time="0.007"/>
  <system-out/>
  <testcase classname="testcase.SearchTestCase" name="searchByName" time="0.001"/>
  <system-out/>
  <testcase classname="testcase.SearchTestCase" name="searchById">
    <skipped/>
  </testcase> <!-- searchById -->
  <system-out/>
</testsuite> <!-- testcase.SearchTestCase -->
